<?xml version="1.0" encoding="UTF-8"?>
<!-- Generated by org.testng.reporters.JUnitXMLReporter -->
<testsuite ignored="0" hostname="LAPTOP-T7PI7EN2" failures="0" tests="6" name="Admin" time="90.417" errors="0" timestamp="2024-02-27T14:32:14 IST">
  <testcase classname="testcases.AmazonLogin" name="login" time="4.179"/>
  <testcase classname="testcases.AmazonLogin" name="login" time="25.542"/>
  <testcase classname="testcases.AmazonLogin" name="login" time="43.335"/>
  <testcase classname="testcases.AmazonShop" name="shop" time="3.579"/>
  <testcase classname="testcases.AmazonShop" name="shop" time="2.665"/>
  <testcase classname="testcases.AmazonShop" name="shop" time="2.514"/>
</testsuite> <!-- Admin -->
