<?xml version="1.0" encoding="UTF-8"?>
<testng-results ignored="0" total="7" passed="7" failed="0" skipped="0">
  <reporter-output>
  </reporter-output>
  <suite started-at="2024-02-27T14:30:44 IST" name="Suite" finished-at="2024-02-27T14:32:22 IST" duration-ms="97767">
    <groups>
    </groups>
    <test started-at="2024-02-27T14:30:44 IST" name="Admin" finished-at="2024-02-27T14:32:14 IST" duration-ms="90417">
      <class name="testcases.AmazonShop">
        <test-method signature="shop(java.lang.String,java.lang.String)[pri:0, instance:testcases.AmazonShop@1b11171f]" started-at="2024-02-27T14:32:05 IST" name="shop" data-provider="product" finished-at="2024-02-27T14:32:08 IST" duration-ms="3579" status="PASS">
          <params>
            <param index="0">
              <value>
                <![CDATA[Mobile]]>
              </value>
            </param>
            <param index="1">
              <value>
                <![CDATA[//*[text() = 'POCO C51 (Royal Blue, 6GB RAM, 128GB Storage)']]]>
              </value>
            </param>
          </params>
          <reporter-output>
          </reporter-output>
        </test-method> <!-- shop -->
        <test-method signature="shop(java.lang.String,java.lang.String)[pri:0, instance:testcases.AmazonShop@1b11171f]" started-at="2024-02-27T14:32:08 IST" name="shop" data-provider="product" finished-at="2024-02-27T14:32:11 IST" duration-ms="2665" status="PASS">
          <params>
            <param index="0">
              <value>
                <![CDATA[LCD]]>
              </value>
            </param>
            <param index="1">
              <value>
                <![CDATA[//*[text() = 'shirt C51 (Royal Blue, 6GB RAM, 128GB Storage)']]]>
              </value>
            </param>
          </params>
          <reporter-output>
          </reporter-output>
        </test-method> <!-- shop -->
        <test-method signature="shop(java.lang.String,java.lang.String)[pri:0, instance:testcases.AmazonShop@1b11171f]" started-at="2024-02-27T14:32:11 IST" name="shop" data-provider="product" finished-at="2024-02-27T14:32:14 IST" duration-ms="2514" status="PASS">
          <params>
            <param index="0">
              <value>
                <![CDATA[Shirt]]>
              </value>
            </param>
            <param index="1">
              <value>
                <![CDATA[//*[text() = 'lcd C51 (Royal Blue, 6GB RAM, 128GB Storage)']]]>
              </value>
            </param>
          </params>
          <reporter-output>
          </reporter-output>
        </test-method> <!-- shop -->
      </class> <!-- testcases.AmazonShop -->
      <class name="testcases.AmazonLogin">
        <test-method is-config="true" signature="openBrowser(java.lang.String,java.lang.String,java.lang.String,java.lang.String)[pri:0, instance:testcases.AmazonLogin@47e2e487]" started-at="2024-02-27T14:30:44 IST" name="openBrowser" finished-at="2024-02-27T14:30:51 IST" duration-ms="7057" status="PASS">
          <params>
            <param index="0">
              <value>
                <![CDATA[chrome]]>
              </value>
            </param>
            <param index="1">
              <value>
                <![CDATA[https://www.amazon.in/]]>
              </value>
            </param>
            <param index="2">
              <value>
                <![CDATA[AmazonShop]]>
              </value>
            </param>
            <param index="3">
              <value>
                <![CDATA[true]]>
              </value>
            </param>
          </params>
          <reporter-output>
          </reporter-output>
        </test-method> <!-- openBrowser -->
        <test-method signature="login(java.lang.String,java.lang.String)[pri:0, instance:testcases.AmazonLogin@47e2e487]" started-at="2024-02-27T14:30:52 IST" name="login" data-provider="logindata" finished-at="2024-02-27T14:30:56 IST" duration-ms="4179" status="PASS">
          <params>
            <param index="0">
              <value>
                <![CDATA[aaa]]>
              </value>
            </param>
            <param index="1">
              <value>
                <![CDATA[RMinfotech]]>
              </value>
            </param>
          </params>
          <reporter-output>
          </reporter-output>
        </test-method> <!-- login -->
        <test-method signature="login(java.lang.String,java.lang.String)[pri:0, instance:testcases.AmazonLogin@47e2e487]" started-at="2024-02-27T14:30:56 IST" name="login" data-provider="logindata" finished-at="2024-02-27T14:31:21 IST" duration-ms="25542" status="PASS">
          <params>
            <param index="0">
              <value>
                <![CDATA[paragguide@yahoo.co.in]]>
              </value>
            </param>
            <param index="1">
              <value>
                <![CDATA[cccc]]>
              </value>
            </param>
          </params>
          <reporter-output>
          </reporter-output>
        </test-method> <!-- login -->
        <test-method signature="login(java.lang.String,java.lang.String)[pri:0, instance:testcases.AmazonLogin@47e2e487]" started-at="2024-02-27T14:31:21 IST" name="login" data-provider="logindata" finished-at="2024-02-27T14:32:05 IST" duration-ms="43335" status="PASS">
          <params>
            <param index="0">
              <value>
                <![CDATA[paragguide@yahoo.co.in]]>
              </value>
            </param>
            <param index="1">
              <value>
                <![CDATA[RMinfotech]]>
              </value>
            </param>
          </params>
          <reporter-output>
          </reporter-output>
        </test-method> <!-- login -->
        <test-method is-config="true" signature="afterTest()[pri:0, instance:testcases.AmazonLogin@47e2e487]" started-at="2024-02-27T14:32:14 IST" name="afterTest" finished-at="2024-02-27T14:32:14 IST" duration-ms="725" status="PASS">
          <reporter-output>
          </reporter-output>
        </test-method> <!-- afterTest -->
      </class> <!-- testcases.AmazonLogin -->
    </test> <!-- Admin -->
    <test started-at="2024-02-27T14:32:14 IST" name="forget" finished-at="2024-02-27T14:32:22 IST" duration-ms="7324">
      <class name="testcases.AmazonForget">
        <test-method is-config="true" signature="openBrowser(java.lang.String,java.lang.String,java.lang.String,java.lang.String)[pri:0, instance:testcases.AmazonForget@1e6a3214]" started-at="2024-02-27T14:32:14 IST" name="openBrowser" finished-at="2024-02-27T14:32:18 IST" duration-ms="3403" status="PASS">
          <params>
            <param index="0">
              <value>
                <![CDATA[chrome]]>
              </value>
            </param>
            <param index="1">
              <value>
                <![CDATA[https://www.amazon.in/]]>
              </value>
            </param>
            <param index="2">
              <value>
                <![CDATA[AmazonForget]]>
              </value>
            </param>
            <param index="3">
              <value>
                <![CDATA[true]]>
              </value>
            </param>
          </params>
          <reporter-output>
          </reporter-output>
        </test-method> <!-- openBrowser -->
        <test-method signature="forget()[pri:0, instance:testcases.AmazonForget@1e6a3214]" started-at="2024-02-27T14:32:18 IST" name="forget" finished-at="2024-02-27T14:32:21 IST" duration-ms="3672" status="PASS">
          <reporter-output>
          </reporter-output>
        </test-method> <!-- forget -->
        <test-method is-config="true" signature="afterTest()[pri:0, instance:testcases.AmazonForget@1e6a3214]" started-at="2024-02-27T14:32:21 IST" name="afterTest" finished-at="2024-02-27T14:32:22 IST" duration-ms="242" status="PASS">
          <reporter-output>
          </reporter-output>
        </test-method> <!-- afterTest -->
      </class> <!-- testcases.AmazonForget -->
    </test> <!-- forget -->
  </suite> <!-- Suite -->
</testng-results>
